<?xml version="1.0" encoding="UTF-8"?>
<!-- Generated by org.testng.reporters.JUnitReportReporter -->
<testsuite skipped="0" hostname="Mansi" name="com.chirag.seljava.ohrm.testcases.AnotherTest" tests="1" failures="0" timestamp="2020-09-29T19:58:36 IST" time="33.875" errors="0">
  <testcase name="login" time="33.875" classname="com.chirag.seljava.ohrm.testcases.AnotherTest"/>
  <system-out/>
</testsuite> <!-- com.chirag.seljava.ohrm.testcases.AnotherTest -->
